<?xml version="1.0" encoding="UTF-8"?>
<testng-results skipped="0" failed="0" ignored="0" total="1" passed="1">
  <reporter-output>
  </reporter-output>
  <suite name="Suite" duration-ms="38" started-at="2019-07-25T08:32:38Z" finished-at="2019-07-25T08:32:38Z">
    <groups>
    </groups>
    <test name="Test" duration-ms="38" started-at="2019-07-25T08:32:38Z" finished-at="2019-07-25T08:32:38Z">
      <class name="Test.Demo">
        <test-method status="PASS" signature="Test()[pri:0, instance:Test.Demo@3a82f6ef]" name="Test" duration-ms="22" started-at="2019-07-25T08:32:38Z" finished-at="2019-07-25T08:32:38Z">
          <reporter-output>
          </reporter-output>
        </test-method> <!-- Test -->
      </class> <!-- Test.Demo -->
    </test> <!-- Test -->
  </suite> <!-- Suite -->
</testng-results>
